<?xml version="1.0" encoding="UTF-8"?>
<!-- Generated by org.testng.reporters.JUnitXMLReporter -->
<testsuite ignored="0" hostname="DESKTOP-5MVARJV" failures="0" tests="11" name="TestScenarios_Chrome" time="101.41" errors="0" timestamp="2024-02-19T13:12:48 IST">
  <testcase classname="WebAutomation.TestScenarios" name="testAlerts" time="7.533"/>
  <testcase classname="WebAutomation.TestScenarios" name="testAutoComplete" time="3.116"/>
  <testcase classname="WebAutomation.TestScenarios" name="testDelays" time="12.516"/>
  <testcase classname="WebAutomation.TestScenarios" name="testDragNDrop" time="4.966"/>
  <testcase classname="WebAutomation.TestScenarios" name="testIFrames" time="4.36"/>
  <testcase classname="WebAutomation.TestScenarios" name="testLinks" time="13.164"/>
  <testcase classname="WebAutomation.TestScenarios" name="testLists" time="1.988"/>
  <testcase classname="WebAutomation.TestScenarios" name="testShadowDom" time="3.317"/>
  <testcase classname="WebAutomation.TestScenarios" name="testSignUpForm" time="3.085"/>
  <testcase classname="WebAutomation.TestScenarios" name="testTitle" time="1.305"/>
  <testcase classname="WebAutomation.TestScenarios" name="testWebTable" time="4.215"/>
</testsuite> <!-- TestScenarios_Chrome -->
