<?xml version="1.0" encoding="UTF-8"?>
<!-- Generated by org.testng.reporters.JUnitXMLReporter -->
<testsuite ignored="0" hostname="DESKTOP-5MVARJV" failures="0" tests="11" name="TestScenarios_Firefox" time="151.248" errors="0" timestamp="2024-02-19T13:13:37 IST">
  <testcase classname="WebAutomation.TestScenarios" name="testAlerts" time="6.673"/>
  <testcase classname="WebAutomation.TestScenarios" name="testAutoComplete" time="3.488"/>
  <testcase classname="WebAutomation.TestScenarios" name="testDelays" time="11.417"/>
  <testcase classname="WebAutomation.TestScenarios" name="testDragNDrop" time="7.317"/>
  <testcase classname="WebAutomation.TestScenarios" name="testIFrames" time="4.289"/>
  <testcase classname="WebAutomation.TestScenarios" name="testLinks" time="10.52"/>
  <testcase classname="WebAutomation.TestScenarios" name="testLists" time="1.048"/>
  <testcase classname="WebAutomation.TestScenarios" name="testShadowDom" time="3.244"/>
  <testcase classname="WebAutomation.TestScenarios" name="testSignUpForm" time="3.101"/>
  <testcase classname="WebAutomation.TestScenarios" name="testTitle" time="1.41"/>
  <testcase classname="WebAutomation.TestScenarios" name="testWebTable" time="3.069"/>
</testsuite> <!-- TestScenarios_Firefox -->
