<?xml version="1.0" encoding="UTF-8"?>
<!-- Generated by org.testng.reporters.JUnitXMLReporter -->
<testsuite ignored="0" hostname="DESKTOP-5MVARJV" failures="0" tests="11" name="Default test" time="78.246" errors="0" timestamp="2024-02-19T12:24:36 IST">
  <testcase classname="WebAutomation.TestScenarios" name="testAlerts" time="7.975"/>
  <testcase classname="WebAutomation.TestScenarios" name="testAutoComplete" time="3.368"/>
  <testcase classname="WebAutomation.TestScenarios" name="testDelays" time="11.52"/>
  <testcase classname="WebAutomation.TestScenarios" name="testDragNDrop" time="4.346"/>
  <testcase classname="WebAutomation.TestScenarios" name="testIFrames" time="3.683"/>
  <testcase classname="WebAutomation.TestScenarios" name="testLinks" time="10.985"/>
  <testcase classname="WebAutomation.TestScenarios" name="testLists" time="1.21"/>
  <testcase classname="WebAutomation.TestScenarios" name="testShadowDom" time="2.955"/>
  <testcase classname="WebAutomation.TestScenarios" name="testSignUpForm" time="2.594"/>
  <testcase classname="WebAutomation.TestScenarios" name="testTitle" time="0.394"/>
  <testcase classname="WebAutomation.TestScenarios" name="testWebTable" time="3.397"/>
</testsuite> <!-- Default test -->
