<?xml version="1.0" encoding="UTF-8"?>
<testng-results ignored="0" total="22" passed="22" failed="0" skipped="0">
  <reporter-output>
  </reporter-output>
  <suite started-at="2024-02-19T13:11:06 IST" name="ParallelTestSuite" finished-at="2024-02-19T13:13:37 IST" duration-ms="151248">
    <groups>
    </groups>
    <test started-at="2024-02-19T13:11:06 IST" name="TestScenarios_Chrome" finished-at="2024-02-19T13:12:48 IST" duration-ms="101410">
      <class name="WebAutomation.TestScenarios">
        <test-method is-config="true" signature="setUp(java.lang.String)[pri:0, instance:WebAutomation.TestScenarios@a530d0a]" started-at="2024-02-19T13:11:06 IST" name="setUp" finished-at="2024-02-19T13:11:15 IST" duration-ms="8752" status="PASS">
          <params>
            <param index="0">
              <value>
                <![CDATA[chrome]]>
              </value>
            </param>
          </params>
          <reporter-output>
          </reporter-output>
        </test-method> <!-- setUp -->
        <test-method signature="testAlerts()[pri:0, instance:WebAutomation.TestScenarios@a530d0a]" started-at="2024-02-19T13:11:15 IST" name="testAlerts" finished-at="2024-02-19T13:11:22 IST" duration-ms="7533" status="PASS">
          <reporter-output>
          </reporter-output>
        </test-method> <!-- testAlerts -->
        <test-method is-config="true" signature="tearDown()[pri:0, instance:WebAutomation.TestScenarios@a530d0a]" started-at="2024-02-19T13:11:22 IST" name="tearDown" finished-at="2024-02-19T13:11:25 IST" duration-ms="2434" status="PASS">
          <reporter-output>
          </reporter-output>
        </test-method> <!-- tearDown -->
        <test-method is-config="true" signature="setUp(java.lang.String)[pri:0, instance:WebAutomation.TestScenarios@a530d0a]" started-at="2024-02-19T13:11:25 IST" name="setUp" finished-at="2024-02-19T13:11:28 IST" duration-ms="3530" status="PASS">
          <params>
            <param index="0">
              <value>
                <![CDATA[chrome]]>
              </value>
            </param>
          </params>
          <reporter-output>
          </reporter-output>
        </test-method> <!-- setUp -->
        <test-method signature="testAutoComplete()[pri:0, instance:WebAutomation.TestScenarios@a530d0a]" started-at="2024-02-19T13:11:28 IST" name="testAutoComplete" finished-at="2024-02-19T13:11:32 IST" duration-ms="3116" status="PASS">
          <reporter-output>
          </reporter-output>
        </test-method> <!-- testAutoComplete -->
        <test-method is-config="true" signature="tearDown()[pri:0, instance:WebAutomation.TestScenarios@a530d0a]" started-at="2024-02-19T13:11:32 IST" name="tearDown" finished-at="2024-02-19T13:11:32 IST" duration-ms="268" status="PASS">
          <reporter-output>
          </reporter-output>
        </test-method> <!-- tearDown -->
        <test-method is-config="true" signature="setUp(java.lang.String)[pri:0, instance:WebAutomation.TestScenarios@a530d0a]" started-at="2024-02-19T13:11:32 IST" name="setUp" finished-at="2024-02-19T13:11:34 IST" duration-ms="1824" status="PASS">
          <params>
            <param index="0">
              <value>
                <![CDATA[chrome]]>
              </value>
            </param>
          </params>
          <reporter-output>
          </reporter-output>
        </test-method> <!-- setUp -->
        <test-method signature="testDelays()[pri:0, instance:WebAutomation.TestScenarios@a530d0a]" started-at="2024-02-19T13:11:34 IST" name="testDelays" finished-at="2024-02-19T13:11:46 IST" duration-ms="12516" status="PASS">
          <reporter-output>
          </reporter-output>
        </test-method> <!-- testDelays -->
        <test-method is-config="true" signature="tearDown()[pri:0, instance:WebAutomation.TestScenarios@a530d0a]" started-at="2024-02-19T13:11:46 IST" name="tearDown" finished-at="2024-02-19T13:11:47 IST" duration-ms="921" status="PASS">
          <reporter-output>
          </reporter-output>
        </test-method> <!-- tearDown -->
        <test-method is-config="true" signature="setUp(java.lang.String)[pri:0, instance:WebAutomation.TestScenarios@a530d0a]" started-at="2024-02-19T13:11:47 IST" name="setUp" finished-at="2024-02-19T13:11:49 IST" duration-ms="1718" status="PASS">
          <params>
            <param index="0">
              <value>
                <![CDATA[chrome]]>
              </value>
            </param>
          </params>
          <reporter-output>
          </reporter-output>
        </test-method> <!-- setUp -->
        <test-method signature="testDragNDrop()[pri:0, instance:WebAutomation.TestScenarios@a530d0a]" started-at="2024-02-19T13:11:49 IST" name="testDragNDrop" finished-at="2024-02-19T13:11:54 IST" duration-ms="4966" status="PASS">
          <reporter-output>
          </reporter-output>
        </test-method> <!-- testDragNDrop -->
        <test-method is-config="true" signature="tearDown()[pri:0, instance:WebAutomation.TestScenarios@a530d0a]" started-at="2024-02-19T13:11:54 IST" name="tearDown" finished-at="2024-02-19T13:11:54 IST" duration-ms="215" status="PASS">
          <reporter-output>
          </reporter-output>
        </test-method> <!-- tearDown -->
        <test-method is-config="true" signature="setUp(java.lang.String)[pri:0, instance:WebAutomation.TestScenarios@a530d0a]" started-at="2024-02-19T13:11:54 IST" name="setUp" finished-at="2024-02-19T13:11:56 IST" duration-ms="1503" status="PASS">
          <params>
            <param index="0">
              <value>
                <![CDATA[chrome]]>
              </value>
            </param>
          </params>
          <reporter-output>
          </reporter-output>
        </test-method> <!-- setUp -->
        <test-method signature="testIFrames()[pri:0, instance:WebAutomation.TestScenarios@a530d0a]" started-at="2024-02-19T13:11:56 IST" name="testIFrames" finished-at="2024-02-19T13:12:00 IST" duration-ms="4360" status="PASS">
          <reporter-output>
          </reporter-output>
        </test-method> <!-- testIFrames -->
        <test-method is-config="true" signature="tearDown()[pri:0, instance:WebAutomation.TestScenarios@a530d0a]" started-at="2024-02-19T13:12:00 IST" name="tearDown" finished-at="2024-02-19T13:12:00 IST" duration-ms="219" status="PASS">
          <reporter-output>
          </reporter-output>
        </test-method> <!-- tearDown -->
        <test-method is-config="true" signature="setUp(java.lang.String)[pri:0, instance:WebAutomation.TestScenarios@a530d0a]" started-at="2024-02-19T13:12:00 IST" name="setUp" finished-at="2024-02-19T13:12:02 IST" duration-ms="1650" status="PASS">
          <params>
            <param index="0">
              <value>
                <![CDATA[chrome]]>
              </value>
            </param>
          </params>
          <reporter-output>
          </reporter-output>
        </test-method> <!-- setUp -->
        <test-method signature="testLinks()[pri:0, instance:WebAutomation.TestScenarios@a530d0a]" started-at="2024-02-19T13:12:02 IST" name="testLinks" finished-at="2024-02-19T13:12:15 IST" duration-ms="13164" status="PASS">
          <reporter-output>
          </reporter-output>
        </test-method> <!-- testLinks -->
        <test-method is-config="true" signature="tearDown()[pri:0, instance:WebAutomation.TestScenarios@a530d0a]" started-at="2024-02-19T13:12:15 IST" name="tearDown" finished-at="2024-02-19T13:12:15 IST" duration-ms="474" status="PASS">
          <reporter-output>
          </reporter-output>
        </test-method> <!-- tearDown -->
        <test-method is-config="true" signature="setUp(java.lang.String)[pri:0, instance:WebAutomation.TestScenarios@a530d0a]" started-at="2024-02-19T13:12:15 IST" name="setUp" finished-at="2024-02-19T13:12:24 IST" duration-ms="8780" status="PASS">
          <params>
            <param index="0">
              <value>
                <![CDATA[chrome]]>
              </value>
            </param>
          </params>
          <reporter-output>
          </reporter-output>
        </test-method> <!-- setUp -->
        <test-method signature="testLists()[pri:0, instance:WebAutomation.TestScenarios@a530d0a]" started-at="2024-02-19T13:12:24 IST" name="testLists" finished-at="2024-02-19T13:12:26 IST" duration-ms="1988" status="PASS">
          <reporter-output>
          </reporter-output>
        </test-method> <!-- testLists -->
        <test-method is-config="true" signature="tearDown()[pri:0, instance:WebAutomation.TestScenarios@a530d0a]" started-at="2024-02-19T13:12:26 IST" name="tearDown" finished-at="2024-02-19T13:12:27 IST" duration-ms="372" status="PASS">
          <reporter-output>
          </reporter-output>
        </test-method> <!-- tearDown -->
        <test-method is-config="true" signature="setUp(java.lang.String)[pri:0, instance:WebAutomation.TestScenarios@a530d0a]" started-at="2024-02-19T13:12:27 IST" name="setUp" finished-at="2024-02-19T13:12:28 IST" duration-ms="1600" status="PASS">
          <params>
            <param index="0">
              <value>
                <![CDATA[chrome]]>
              </value>
            </param>
          </params>
          <reporter-output>
          </reporter-output>
        </test-method> <!-- setUp -->
        <test-method signature="testShadowDom()[pri:0, instance:WebAutomation.TestScenarios@a530d0a]" started-at="2024-02-19T13:12:28 IST" name="testShadowDom" finished-at="2024-02-19T13:12:31 IST" duration-ms="3317" status="PASS">
          <reporter-output>
          </reporter-output>
        </test-method> <!-- testShadowDom -->
        <test-method is-config="true" signature="tearDown()[pri:0, instance:WebAutomation.TestScenarios@a530d0a]" started-at="2024-02-19T13:12:31 IST" name="tearDown" finished-at="2024-02-19T13:12:33 IST" duration-ms="1227" status="PASS">
          <reporter-output>
          </reporter-output>
        </test-method> <!-- tearDown -->
        <test-method is-config="true" signature="setUp(java.lang.String)[pri:0, instance:WebAutomation.TestScenarios@a530d0a]" started-at="2024-02-19T13:12:33 IST" name="setUp" finished-at="2024-02-19T13:12:34 IST" duration-ms="1582" status="PASS">
          <params>
            <param index="0">
              <value>
                <![CDATA[chrome]]>
              </value>
            </param>
          </params>
          <reporter-output>
          </reporter-output>
        </test-method> <!-- setUp -->
        <test-method signature="testSignUpForm()[pri:0, instance:WebAutomation.TestScenarios@a530d0a]" started-at="2024-02-19T13:12:34 IST" name="testSignUpForm" finished-at="2024-02-19T13:12:37 IST" duration-ms="3085" status="PASS">
          <reporter-output>
          </reporter-output>
        </test-method> <!-- testSignUpForm -->
        <test-method is-config="true" signature="tearDown()[pri:0, instance:WebAutomation.TestScenarios@a530d0a]" started-at="2024-02-19T13:12:37 IST" name="tearDown" finished-at="2024-02-19T13:12:38 IST" duration-ms="406" status="PASS">
          <reporter-output>
          </reporter-output>
        </test-method> <!-- tearDown -->
        <test-method is-config="true" signature="setUp(java.lang.String)[pri:0, instance:WebAutomation.TestScenarios@a530d0a]" started-at="2024-02-19T13:12:38 IST" name="setUp" finished-at="2024-02-19T13:12:40 IST" duration-ms="1966" status="PASS">
          <params>
            <param index="0">
              <value>
                <![CDATA[chrome]]>
              </value>
            </param>
          </params>
          <reporter-output>
          </reporter-output>
        </test-method> <!-- setUp -->
        <test-method signature="testTitle()[pri:0, instance:WebAutomation.TestScenarios@a530d0a]" started-at="2024-02-19T13:12:40 IST" name="testTitle" finished-at="2024-02-19T13:12:41 IST" duration-ms="1305" status="PASS">
          <reporter-output>
          </reporter-output>
        </test-method> <!-- testTitle -->
        <test-method is-config="true" signature="tearDown()[pri:0, instance:WebAutomation.TestScenarios@a530d0a]" started-at="2024-02-19T13:12:41 IST" name="tearDown" finished-at="2024-02-19T13:12:41 IST" duration-ms="367" status="PASS">
          <reporter-output>
          </reporter-output>
        </test-method> <!-- tearDown -->
        <test-method is-config="true" signature="setUp(java.lang.String)[pri:0, instance:WebAutomation.TestScenarios@a530d0a]" started-at="2024-02-19T13:12:41 IST" name="setUp" finished-at="2024-02-19T13:12:43 IST" duration-ms="1670" status="PASS">
          <params>
            <param index="0">
              <value>
                <![CDATA[chrome]]>
              </value>
            </param>
          </params>
          <reporter-output>
          </reporter-output>
        </test-method> <!-- setUp -->
        <test-method signature="testWebTable()[pri:0, instance:WebAutomation.TestScenarios@a530d0a]" started-at="2024-02-19T13:12:43 IST" name="testWebTable" finished-at="2024-02-19T13:12:47 IST" duration-ms="4215" status="PASS">
          <reporter-output>
          </reporter-output>
        </test-method> <!-- testWebTable -->
        <test-method is-config="true" signature="tearDown()[pri:0, instance:WebAutomation.TestScenarios@a530d0a]" started-at="2024-02-19T13:12:47 IST" name="tearDown" finished-at="2024-02-19T13:12:48 IST" duration-ms="271" status="PASS">
          <reporter-output>
          </reporter-output>
        </test-method> <!-- tearDown -->
      </class> <!-- WebAutomation.TestScenarios -->
    </test> <!-- TestScenarios_Chrome -->
    <test started-at="2024-02-19T13:11:06 IST" name="TestScenarios_Firefox" finished-at="2024-02-19T13:13:37 IST" duration-ms="151248">
      <class name="WebAutomation.TestScenarios">
        <test-method is-config="true" signature="setUp(java.lang.String)[pri:0, instance:WebAutomation.TestScenarios@6fdbe764]" started-at="2024-02-19T13:11:06 IST" name="setUp" finished-at="2024-02-19T13:11:19 IST" duration-ms="13232" status="PASS">
          <params>
            <param index="0">
              <value>
                <![CDATA[firefox]]>
              </value>
            </param>
          </params>
          <reporter-output>
          </reporter-output>
        </test-method> <!-- setUp -->
        <test-method signature="testAlerts()[pri:0, instance:WebAutomation.TestScenarios@6fdbe764]" started-at="2024-02-19T13:11:19 IST" name="testAlerts" finished-at="2024-02-19T13:11:26 IST" duration-ms="6673" status="PASS">
          <reporter-output>
          </reporter-output>
        </test-method> <!-- testAlerts -->
        <test-method is-config="true" signature="tearDown()[pri:0, instance:WebAutomation.TestScenarios@6fdbe764]" started-at="2024-02-19T13:11:26 IST" name="tearDown" finished-at="2024-02-19T13:11:28 IST" duration-ms="2305" status="PASS">
          <reporter-output>
          </reporter-output>
        </test-method> <!-- tearDown -->
        <test-method is-config="true" signature="setUp(java.lang.String)[pri:0, instance:WebAutomation.TestScenarios@6fdbe764]" started-at="2024-02-19T13:11:28 IST" name="setUp" finished-at="2024-02-19T13:11:37 IST" duration-ms="9014" status="PASS">
          <params>
            <param index="0">
              <value>
                <![CDATA[firefox]]>
              </value>
            </param>
          </params>
          <reporter-output>
          </reporter-output>
        </test-method> <!-- setUp -->
        <test-method signature="testAutoComplete()[pri:0, instance:WebAutomation.TestScenarios@6fdbe764]" started-at="2024-02-19T13:11:37 IST" name="testAutoComplete" finished-at="2024-02-19T13:11:41 IST" duration-ms="3488" status="PASS">
          <reporter-output>
          </reporter-output>
        </test-method> <!-- testAutoComplete -->
        <test-method is-config="true" signature="tearDown()[pri:0, instance:WebAutomation.TestScenarios@6fdbe764]" started-at="2024-02-19T13:11:41 IST" name="tearDown" finished-at="2024-02-19T13:11:42 IST" duration-ms="1477" status="PASS">
          <reporter-output>
          </reporter-output>
        </test-method> <!-- tearDown -->
        <test-method is-config="true" signature="setUp(java.lang.String)[pri:0, instance:WebAutomation.TestScenarios@6fdbe764]" started-at="2024-02-19T13:11:42 IST" name="setUp" finished-at="2024-02-19T13:11:49 IST" duration-ms="6977" status="PASS">
          <params>
            <param index="0">
              <value>
                <![CDATA[firefox]]>
              </value>
            </param>
          </params>
          <reporter-output>
          </reporter-output>
        </test-method> <!-- setUp -->
        <test-method signature="testDelays()[pri:0, instance:WebAutomation.TestScenarios@6fdbe764]" started-at="2024-02-19T13:11:49 IST" name="testDelays" finished-at="2024-02-19T13:12:01 IST" duration-ms="11417" status="PASS">
          <reporter-output>
          </reporter-output>
        </test-method> <!-- testDelays -->
        <test-method is-config="true" signature="tearDown()[pri:0, instance:WebAutomation.TestScenarios@6fdbe764]" started-at="2024-02-19T13:12:01 IST" name="tearDown" finished-at="2024-02-19T13:12:03 IST" duration-ms="2561" status="PASS">
          <reporter-output>
          </reporter-output>
        </test-method> <!-- tearDown -->
        <test-method is-config="true" signature="setUp(java.lang.String)[pri:0, instance:WebAutomation.TestScenarios@6fdbe764]" started-at="2024-02-19T13:12:03 IST" name="setUp" finished-at="2024-02-19T13:12:10 IST" duration-ms="6265" status="PASS">
          <params>
            <param index="0">
              <value>
                <![CDATA[firefox]]>
              </value>
            </param>
          </params>
          <reporter-output>
          </reporter-output>
        </test-method> <!-- setUp -->
        <test-method signature="testDragNDrop()[pri:0, instance:WebAutomation.TestScenarios@6fdbe764]" started-at="2024-02-19T13:12:10 IST" name="testDragNDrop" finished-at="2024-02-19T13:12:17 IST" duration-ms="7317" status="PASS">
          <reporter-output>
          </reporter-output>
        </test-method> <!-- testDragNDrop -->
        <test-method is-config="true" signature="tearDown()[pri:0, instance:WebAutomation.TestScenarios@6fdbe764]" started-at="2024-02-19T13:12:17 IST" name="tearDown" finished-at="2024-02-19T13:12:18 IST" duration-ms="1320" status="PASS">
          <reporter-output>
          </reporter-output>
        </test-method> <!-- tearDown -->
        <test-method is-config="true" signature="setUp(java.lang.String)[pri:0, instance:WebAutomation.TestScenarios@6fdbe764]" started-at="2024-02-19T13:12:18 IST" name="setUp" finished-at="2024-02-19T13:12:29 IST" duration-ms="10669" status="PASS">
          <params>
            <param index="0">
              <value>
                <![CDATA[firefox]]>
              </value>
            </param>
          </params>
          <reporter-output>
          </reporter-output>
        </test-method> <!-- setUp -->
        <test-method signature="testIFrames()[pri:0, instance:WebAutomation.TestScenarios@6fdbe764]" started-at="2024-02-19T13:12:29 IST" name="testIFrames" finished-at="2024-02-19T13:12:33 IST" duration-ms="4289" status="PASS">
          <reporter-output>
          </reporter-output>
        </test-method> <!-- testIFrames -->
        <test-method is-config="true" signature="tearDown()[pri:0, instance:WebAutomation.TestScenarios@6fdbe764]" started-at="2024-02-19T13:12:33 IST" name="tearDown" finished-at="2024-02-19T13:12:36 IST" duration-ms="2410" status="PASS">
          <reporter-output>
          </reporter-output>
        </test-method> <!-- tearDown -->
        <test-method is-config="true" signature="setUp(java.lang.String)[pri:0, instance:WebAutomation.TestScenarios@6fdbe764]" started-at="2024-02-19T13:12:36 IST" name="setUp" finished-at="2024-02-19T13:12:44 IST" duration-ms="7916" status="PASS">
          <params>
            <param index="0">
              <value>
                <![CDATA[firefox]]>
              </value>
            </param>
          </params>
          <reporter-output>
          </reporter-output>
        </test-method> <!-- setUp -->
        <test-method signature="testLinks()[pri:0, instance:WebAutomation.TestScenarios@6fdbe764]" started-at="2024-02-19T13:12:44 IST" name="testLinks" finished-at="2024-02-19T13:12:54 IST" duration-ms="10520" status="PASS">
          <reporter-output>
          </reporter-output>
        </test-method> <!-- testLinks -->
        <test-method is-config="true" signature="tearDown()[pri:0, instance:WebAutomation.TestScenarios@6fdbe764]" started-at="2024-02-19T13:12:54 IST" name="tearDown" finished-at="2024-02-19T13:12:55 IST" duration-ms="1159" status="PASS">
          <reporter-output>
          </reporter-output>
        </test-method> <!-- tearDown -->
        <test-method is-config="true" signature="setUp(java.lang.String)[pri:0, instance:WebAutomation.TestScenarios@6fdbe764]" started-at="2024-02-19T13:12:55 IST" name="setUp" finished-at="2024-02-19T13:13:00 IST" duration-ms="4626" status="PASS">
          <params>
            <param index="0">
              <value>
                <![CDATA[firefox]]>
              </value>
            </param>
          </params>
          <reporter-output>
          </reporter-output>
        </test-method> <!-- setUp -->
        <test-method signature="testLists()[pri:0, instance:WebAutomation.TestScenarios@6fdbe764]" started-at="2024-02-19T13:13:00 IST" name="testLists" finished-at="2024-02-19T13:13:01 IST" duration-ms="1048" status="PASS">
          <reporter-output>
          </reporter-output>
        </test-method> <!-- testLists -->
        <test-method is-config="true" signature="tearDown()[pri:0, instance:WebAutomation.TestScenarios@6fdbe764]" started-at="2024-02-19T13:13:01 IST" name="tearDown" finished-at="2024-02-19T13:13:02 IST" duration-ms="1311" status="PASS">
          <reporter-output>
          </reporter-output>
        </test-method> <!-- tearDown -->
        <test-method is-config="true" signature="setUp(java.lang.String)[pri:0, instance:WebAutomation.TestScenarios@6fdbe764]" started-at="2024-02-19T13:13:02 IST" name="setUp" finished-at="2024-02-19T13:13:07 IST" duration-ms="4818" status="PASS">
          <params>
            <param index="0">
              <value>
                <![CDATA[firefox]]>
              </value>
            </param>
          </params>
          <reporter-output>
          </reporter-output>
        </test-method> <!-- setUp -->
        <test-method signature="testShadowDom()[pri:0, instance:WebAutomation.TestScenarios@6fdbe764]" started-at="2024-02-19T13:13:07 IST" name="testShadowDom" finished-at="2024-02-19T13:13:10 IST" duration-ms="3244" status="PASS">
          <reporter-output>
          </reporter-output>
        </test-method> <!-- testShadowDom -->
        <test-method is-config="true" signature="tearDown()[pri:0, instance:WebAutomation.TestScenarios@6fdbe764]" started-at="2024-02-19T13:13:10 IST" name="tearDown" finished-at="2024-02-19T13:13:12 IST" duration-ms="1381" status="PASS">
          <reporter-output>
          </reporter-output>
        </test-method> <!-- tearDown -->
        <test-method is-config="true" signature="setUp(java.lang.String)[pri:0, instance:WebAutomation.TestScenarios@6fdbe764]" started-at="2024-02-19T13:13:12 IST" name="setUp" finished-at="2024-02-19T13:13:16 IST" duration-ms="4739" status="PASS">
          <params>
            <param index="0">
              <value>
                <![CDATA[firefox]]>
              </value>
            </param>
          </params>
          <reporter-output>
          </reporter-output>
        </test-method> <!-- setUp -->
        <test-method signature="testSignUpForm()[pri:0, instance:WebAutomation.TestScenarios@6fdbe764]" started-at="2024-02-19T13:13:16 IST" name="testSignUpForm" finished-at="2024-02-19T13:13:19 IST" duration-ms="3101" status="PASS">
          <reporter-output>
          </reporter-output>
        </test-method> <!-- testSignUpForm -->
        <test-method is-config="true" signature="tearDown()[pri:0, instance:WebAutomation.TestScenarios@6fdbe764]" started-at="2024-02-19T13:13:19 IST" name="tearDown" finished-at="2024-02-19T13:13:21 IST" duration-ms="1442" status="PASS">
          <reporter-output>
          </reporter-output>
        </test-method> <!-- tearDown -->
        <test-method is-config="true" signature="setUp(java.lang.String)[pri:0, instance:WebAutomation.TestScenarios@6fdbe764]" started-at="2024-02-19T13:13:21 IST" name="setUp" finished-at="2024-02-19T13:13:26 IST" duration-ms="4615" status="PASS">
          <params>
            <param index="0">
              <value>
                <![CDATA[firefox]]>
              </value>
            </param>
          </params>
          <reporter-output>
          </reporter-output>
        </test-method> <!-- setUp -->
        <test-method signature="testTitle()[pri:0, instance:WebAutomation.TestScenarios@6fdbe764]" started-at="2024-02-19T13:13:26 IST" name="testTitle" finished-at="2024-02-19T13:13:27 IST" duration-ms="1410" status="PASS">
          <reporter-output>
          </reporter-output>
        </test-method> <!-- testTitle -->
        <test-method is-config="true" signature="tearDown()[pri:0, instance:WebAutomation.TestScenarios@6fdbe764]" started-at="2024-02-19T13:13:27 IST" name="tearDown" finished-at="2024-02-19T13:13:28 IST" duration-ms="1457" status="PASS">
          <reporter-output>
          </reporter-output>
        </test-method> <!-- tearDown -->
        <test-method is-config="true" signature="setUp(java.lang.String)[pri:0, instance:WebAutomation.TestScenarios@6fdbe764]" started-at="2024-02-19T13:13:28 IST" name="setUp" finished-at="2024-02-19T13:13:33 IST" duration-ms="4559" status="PASS">
          <params>
            <param index="0">
              <value>
                <![CDATA[firefox]]>
              </value>
            </param>
          </params>
          <reporter-output>
          </reporter-output>
        </test-method> <!-- setUp -->
        <test-method signature="testWebTable()[pri:0, instance:WebAutomation.TestScenarios@6fdbe764]" started-at="2024-02-19T13:13:33 IST" name="testWebTable" finished-at="2024-02-19T13:13:36 IST" duration-ms="3069" status="PASS">
          <reporter-output>
          </reporter-output>
        </test-method> <!-- testWebTable -->
        <test-method is-config="true" signature="tearDown()[pri:0, instance:WebAutomation.TestScenarios@6fdbe764]" started-at="2024-02-19T13:13:36 IST" name="tearDown" finished-at="2024-02-19T13:13:37 IST" duration-ms="1332" status="PASS">
          <reporter-output>
          </reporter-output>
        </test-method> <!-- tearDown -->
      </class> <!-- WebAutomation.TestScenarios -->
    </test> <!-- TestScenarios_Firefox -->
  </suite> <!-- ParallelTestSuite -->
</testng-results>
